[debug] [2021-04-05T18:18:12.275Z] ----------------------------------------------------------------------
[debug] [2021-04-05T18:18:12.277Z] Command:       C:\Program Files (x86)\nodejs\node.exe C:\Users\manoj\AppData\Roaming\npm\node_modules\firebase-tools\lib\bin\firebase.js emulators:start
[debug] [2021-04-05T18:18:12.278Z] CLI Version:   9.8.0
[debug] [2021-04-05T18:18:12.278Z] Platform:      win32
[debug] [2021-04-05T18:18:12.278Z] Node Version:  v14.16.0
[debug] [2021-04-05T18:18:12.279Z] Time:          Mon Apr 05 2021 19:18:12 GMT+0100 (British Summer Time)
[debug] [2021-04-05T18:18:12.279Z] ----------------------------------------------------------------------
[debug] 
[debug] [2021-04-05T18:18:12.286Z] > command requires scopes: ["email","openid","https://www.googleapis.com/auth/cloudplatformprojects.readonly","https://www.googleapis.com/auth/firebase","https://www.googleapis.com/auth/cloud-platform"]
[debug] [2021-04-05T18:18:12.287Z] > authorizing via signed-in user
[info] i  emulators: Starting emulators: functions {"metadata":{"emulator":{"name":"hub"},"message":"Starting emulators: functions"}}
[debug] [2021-04-05T18:18:12.313Z] [hub] writing locator at C:\Users\manoj\AppData\Local\Temp\hub-clone-51f2b.json
[warn] !  functions: The following emulators are not running, calls to these services from the Functions emulator will affect production: auth, firestore, database, hosting, pubsub {"metadata":{"emulator":{"name":"functions"},"message":"The following emulators are not running, calls to these services from the Functions emulator will affect production: \u001b[1mauth, firestore, database, hosting, pubsub\u001b[22m"}}
[warn] !  Your requested "node" version "12" doesn't match your global version "14" {"metadata":{"emulator":{"name":"functions"},"message":"Your requested \"node\" version \"12\" doesn't match your global version \"14\""}}
[debug] [2021-04-05T18:18:12.362Z] defaultcredentials: writing to file C:\Users\manoj\AppData\Roaming\firebase\testmail_reference_gmail.com_application_default_credentials.json
[debug] [2021-04-05T18:18:12.365Z] Setting GAC to C:\Users\manoj\AppData\Roaming\firebase\testmail_reference_gmail.com_application_default_credentials.json {"metadata":{"emulator":{"name":"functions"},"message":"Setting GAC to C:\\Users\\manoj\\AppData\\Roaming\\firebase\\testmail_reference_gmail.com_application_default_credentials.json"}}
[debug] [2021-04-05T18:18:12.367Z] > refreshing access token with scopes: []
[debug] [2021-04-05T18:18:12.367Z] >>> HTTP REQUEST POST https://www.googleapis.com/oauth2/v3/token  
 <request body omitted>
[debug] [2021-04-05T18:18:12.860Z] <<< HTTP RESPONSE 200 {"expires":"Mon, 01 Jan 1990 00:00:00 GMT","pragma":"no-cache","date":"Mon, 05 Apr 2021 18:18:14 GMT","cache-control":"no-cache, no-store, max-age=0, must-revalidate","content-type":"application/json; charset=utf-8","vary":"X-Origin, Referer, Origin,Accept-Encoding","server":"scaffolding on HTTPServer2","x-xss-protection":"0","x-frame-options":"SAMEORIGIN","x-content-type-options":"nosniff","alt-svc":"h3-29=\":443\"; ma=2592000,h3-T051=\":443\"; ma=2592000,h3-Q050=\":443\"; ma=2592000,h3-Q046=\":443\"; ma=2592000,h3-Q043=\":443\"; ma=2592000,quic=\":443\"; ma=2592000; v=\"46,43\"","accept-ranges":"none","transfer-encoding":"chunked"}
[debug] [2021-04-05T18:18:12.900Z] >>> [apiv2][query] GET https://firebase.googleapis.com/v1beta1/projects/clone-51f2b/adminSdkConfig [none]
[debug] [2021-04-05T18:18:14.031Z] <<< [apiv2][status] GET https://firebase.googleapis.com/v1beta1/projects/clone-51f2b/adminSdkConfig 200
[debug] [2021-04-05T18:18:14.031Z] <<< [apiv2][body] GET https://firebase.googleapis.com/v1beta1/projects/clone-51f2b/adminSdkConfig {"projectId":"clone-51f2b","storageBucket":"clone-51f2b.appspot.com"}
[info] i  ui: downloading ui-v1.4.2.zip... {"metadata":{"emulator":{"name":"ui"},"message":"downloading ui-v1.4.2.zip..."}}
[debug] [2021-04-05T18:18:14.108Z] >>> [apiv2][query] GET https://storage.googleapis.com/firebase-preview-drop/emulator/ui-v1.4.2.zip 
[debug] [2021-04-05T18:18:15.941Z] <<< [apiv2][status] GET https://storage.googleapis.com/firebase-preview-drop/emulator/ui-v1.4.2.zip 200
[debug] [2021-04-05T18:18:15.941Z] <<< [apiv2][body] GET https://storage.googleapis.com/firebase-preview-drop/emulator/ui-v1.4.2.zip [stream]
[debug] [2021-04-05T18:18:20.280Z] Ignoring unsupported arg: auto_download {"metadata":{"emulator":{"name":"ui"},"message":"Ignoring unsupported arg: auto_download"}}
[debug] [2021-04-05T18:18:20.280Z] Ignoring unsupported arg: port {"metadata":{"emulator":{"name":"ui"},"message":"Ignoring unsupported arg: port"}}
[debug] [2021-04-05T18:18:20.280Z] Starting Emulator UI with command {"binary":"node","args":["C:\\Users\\manoj\\.cache\\firebase\\emulators\\ui-v1.4.2\\server.bundle.js"],"optionalArgs":[],"joinArgs":false} {"metadata":{"emulator":{"name":"ui"},"message":"Starting Emulator UI with command {\"binary\":\"node\",\"args\":[\"C:\\\\Users\\\\manoj\\\\.cache\\\\firebase\\\\emulators\\\\ui-v1.4.2\\\\server.bundle.js\"],\"optionalArgs\":[],\"joinArgs\":false}"}}
[info] i  ui: Emulator UI logging to ui-debug.log {"metadata":{"emulator":{"name":"ui"},"message":"Emulator UI logging to \u001b[1mui-debug.log\u001b[22m"}}
[debug] [2021-04-05T18:18:20.439Z] Web / API server started at http://localhost:4000
 {"metadata":{"emulator":{"name":"ui"},"message":"Web / API server started at http://localhost:4000\n"}}
[info] i  functions: Watching "C:\Users\manoj\amazon-clone\client\functions" for Cloud Functions... {"metadata":{"emulator":{"name":"functions"},"message":"Watching \"C:\\Users\\manoj\\amazon-clone\\client\\functions\" for Cloud Functions..."}}
[debug] [2021-04-05T18:18:20.633Z] [worker-pool] addWorker(~diagnostic~) {"metadata":{"emulator":{"name":"functions"},"message":"[worker-pool] addWorker(~diagnostic~)"}}
[debug] [2021-04-05T18:18:20.634Z] [worker-pool] Adding worker with key ~diagnostic~, total=1 {"metadata":{"emulator":{"name":"functions"},"message":"[worker-pool] Adding worker with key ~diagnostic~, total=1"}}
[debug] [2021-04-05T18:18:20.634Z] [worker-pool] submitWork(triggerId=) {"metadata":{"emulator":{"name":"functions"},"message":"[worker-pool] submitWork(triggerId=)"}}
[debug] [2021-04-05T18:18:20.634Z] [worker-~diagnostic~-c82767a4-40f1-4166-804a-a1af6b7d4f8a]: Assigning socketPath: \\?\pipe\C:\Users\manoj\amazon-clone\client\functions\2392 {"metadata":{"emulator":{"name":"functions"},"message":"[worker-~diagnostic~-c82767a4-40f1-4166-804a-a1af6b7d4f8a]: Assigning socketPath: \\\\?\\pipe\\C:\\Users\\manoj\\amazon-clone\\client\\functions\\2392"}}
[debug] [2021-04-05T18:18:20.635Z] [worker-~diagnostic~-c82767a4-40f1-4166-804a-a1af6b7d4f8a]: BUSY {"metadata":{"emulator":{"name":"functions"},"message":"[worker-~diagnostic~-c82767a4-40f1-4166-804a-a1af6b7d4f8a]: BUSY"}}
[debug] [2021-04-05T18:18:20.893Z] [runtime-status] [2392] Functions runtime initialized. {"cwd":"C:\\Users\\manoj\\amazon-clone\\client\\functions","node_version":"14.16.0"} {"metadata":{"emulator":{"name":"functions"},"message":"[runtime-status] [2392] Functions runtime initialized. {\"cwd\":\"C:\\\\Users\\\\manoj\\\\amazon-clone\\\\client\\\\functions\",\"node_version\":\"14.16.0\"}"}}
[debug] [2021-04-05T18:18:20.893Z] [runtime-status] [2392] Disabled runtime features: undefined {"metadata":{"emulator":{"name":"functions"},"message":"[runtime-status] [2392] Disabled runtime features: undefined"}}
[debug] [2021-04-05T18:18:20.897Z] [runtime-status] [2392] Resolved module firebase-admin {"declared":true,"installed":true,"version":"9.6.0","resolution":"C:\\Users\\manoj\\amazon-clone\\client\\functions\\node_modules\\firebase-admin\\lib\\index.js"} {"metadata":{"emulator":{"name":"functions"},"message":"[runtime-status] [2392] Resolved module firebase-admin {\"declared\":true,\"installed\":true,\"version\":\"9.6.0\",\"resolution\":\"C:\\\\Users\\\\manoj\\\\amazon-clone\\\\client\\\\functions\\\\node_modules\\\\firebase-admin\\\\lib\\\\index.js\"}"}}
[debug] [2021-04-05T18:18:20.899Z] [runtime-status] [2392] Resolved module firebase-functions {"declared":true,"installed":true,"version":"3.13.2","resolution":"C:\\Users\\manoj\\amazon-clone\\client\\functions\\node_modules\\firebase-functions\\lib\\index.js"} {"metadata":{"emulator":{"name":"functions"},"message":"[runtime-status] [2392] Resolved module firebase-functions {\"declared\":true,\"installed\":true,\"version\":\"3.13.2\",\"resolution\":\"C:\\\\Users\\\\manoj\\\\amazon-clone\\\\client\\\\functions\\\\node_modules\\\\firebase-functions\\\\lib\\\\index.js\"}"}}
[debug] [2021-04-05T18:18:20.901Z] [runtime-status] [2392] Resolved module firebase-functions {"declared":true,"installed":true,"version":"3.13.2","resolution":"C:\\Users\\manoj\\amazon-clone\\client\\functions\\node_modules\\firebase-functions\\lib\\index.js"} {"metadata":{"emulator":{"name":"functions"},"message":"[runtime-status] [2392] Resolved module firebase-functions {\"declared\":true,\"installed\":true,\"version\":\"3.13.2\",\"resolution\":\"C:\\\\Users\\\\manoj\\\\amazon-clone\\\\client\\\\functions\\\\node_modules\\\\firebase-functions\\\\lib\\\\index.js\"}"}}
[debug] [2021-04-05T18:18:20.903Z] [runtime-status] [2392] Outgoing network have been stubbed. [{"name":"http","status":"mocked"},{"name":"http","status":"mocked"},{"name":"https","status":"mocked"},{"name":"https","status":"mocked"},{"name":"net","status":"mocked"}] {"metadata":{"emulator":{"name":"functions"},"message":"[runtime-status] [2392] Outgoing network have been stubbed. [{\"name\":\"http\",\"status\":\"mocked\"},{\"name\":\"http\",\"status\":\"mocked\"},{\"name\":\"https\",\"status\":\"mocked\"},{\"name\":\"https\",\"status\":\"mocked\"},{\"name\":\"net\",\"status\":\"mocked\"}]"}}
[debug] [2021-04-05T18:18:20.904Z] [runtime-status] [2392] Resolved module firebase-functions {"declared":true,"installed":true,"version":"3.13.2","resolution":"C:\\Users\\manoj\\amazon-clone\\client\\functions\\node_modules\\firebase-functions\\lib\\index.js"} {"metadata":{"emulator":{"name":"functions"},"message":"[runtime-status] [2392] Resolved module firebase-functions {\"declared\":true,\"installed\":true,\"version\":\"3.13.2\",\"resolution\":\"C:\\\\Users\\\\manoj\\\\amazon-clone\\\\client\\\\functions\\\\node_modules\\\\firebase-functions\\\\lib\\\\index.js\"}"}}
[debug] [2021-04-05T18:18:20.960Z] [runtime-status] [2392] Checked functions.config() {"config":{}} {"metadata":{"emulator":{"name":"functions"},"message":"[runtime-status] [2392] Checked functions.config() {\"config\":{}}"}}
[debug] [2021-04-05T18:18:20.960Z] [runtime-status] [2392] firebase-functions has been stubbed. {"functionsResolution":{"declared":true,"installed":true,"version":"3.13.2","resolution":"C:\\Users\\manoj\\amazon-clone\\client\\functions\\node_modules\\firebase-functions\\lib\\index.js"}} {"metadata":{"emulator":{"name":"functions"},"message":"[runtime-status] [2392] firebase-functions has been stubbed. {\"functionsResolution\":{\"declared\":true,\"installed\":true,\"version\":\"3.13.2\",\"resolution\":\"C:\\\\Users\\\\manoj\\\\amazon-clone\\\\client\\\\functions\\\\node_modules\\\\firebase-functions\\\\lib\\\\index.js\"}}"}}
[debug] [2021-04-05T18:18:20.961Z] [runtime-status] [2392] Resolved module firebase-functions {"declared":true,"installed":true,"version":"3.13.2","resolution":"C:\\Users\\manoj\\amazon-clone\\client\\functions\\node_modules\\firebase-functions\\lib\\index.js"} {"metadata":{"emulator":{"name":"functions"},"message":"[runtime-status] [2392] Resolved module firebase-functions {\"declared\":true,\"installed\":true,\"version\":\"3.13.2\",\"resolution\":\"C:\\\\Users\\\\manoj\\\\amazon-clone\\\\client\\\\functions\\\\node_modules\\\\firebase-functions\\\\lib\\\\index.js\"}"}}
[debug] [2021-04-05T18:18:20.962Z] [runtime-status] [2392] Resolved module firebase-admin {"declared":true,"installed":true,"version":"9.6.0","resolution":"C:\\Users\\manoj\\amazon-clone\\client\\functions\\node_modules\\firebase-admin\\lib\\index.js"} {"metadata":{"emulator":{"name":"functions"},"message":"[runtime-status] [2392] Resolved module firebase-admin {\"declared\":true,\"installed\":true,\"version\":\"9.6.0\",\"resolution\":\"C:\\\\Users\\\\manoj\\\\amazon-clone\\\\client\\\\functions\\\\node_modules\\\\firebase-admin\\\\lib\\\\index.js\"}"}}
[debug] [2021-04-05T18:18:20.962Z] [runtime-status] [2392] Resolved module firebase-functions {"declared":true,"installed":true,"version":"3.13.2","resolution":"C:\\Users\\manoj\\amazon-clone\\client\\functions\\node_modules\\firebase-functions\\lib\\index.js"} {"metadata":{"emulator":{"name":"functions"},"message":"[runtime-status] [2392] Resolved module firebase-functions {\"declared\":true,\"installed\":true,\"version\":\"3.13.2\",\"resolution\":\"C:\\\\Users\\\\manoj\\\\amazon-clone\\\\client\\\\functions\\\\node_modules\\\\firebase-functions\\\\lib\\\\index.js\"}"}}
[debug] [2021-04-05T18:18:20.963Z] [runtime-status] [2392] firebase-admin has been stubbed. {"adminResolution":{"declared":true,"installed":true,"version":"9.6.0","resolution":"C:\\Users\\manoj\\amazon-clone\\client\\functions\\node_modules\\firebase-admin\\lib\\index.js"}} {"metadata":{"emulator":{"name":"functions"},"message":"[runtime-status] [2392] firebase-admin has been stubbed. {\"adminResolution\":{\"declared\":true,\"installed\":true,\"version\":\"9.6.0\",\"resolution\":\"C:\\\\Users\\\\manoj\\\\amazon-clone\\\\client\\\\functions\\\\node_modules\\\\firebase-admin\\\\lib\\\\index.js\"}}"}}
[info] +  functions[api]: http function initialized (http://localhost:5001/clone-51f2b/us-central1/api). {"metadata":{"emulator":{"name":"functions"},"message":"\u001b[1mhttp\u001b[22m function initialized (http://localhost:5001/clone-51f2b/us-central1/api)."}}
[info] 
┌─────────────────────────────────────────────────────────────┐
│ ✔  All emulators ready! It is now safe to connect your app. │
│ i  View Emulator UI at http://localhost:4000                │
└─────────────────────────────────────────────────────────────┘

┌───────────┬────────────────┬─────────────────────────────────┐
│ Emulator  │ Host:Port      │ View in Emulator UI             │
├───────────┼────────────────┼─────────────────────────────────┤
│ Functions │ localhost:5001 │ http://localhost:4000/functions │
└───────────┴────────────────┴─────────────────────────────────┘
  Emulator Hub running at localhost:4400
  Other reserved ports: 4500

Issues? Report them at https://github.com/firebase/firebase-tools/issues and attach the *-debug.log files.
 
[debug] [2021-04-05T18:18:21.195Z] [worker-~diagnostic~-c82767a4-40f1-4166-804a-a1af6b7d4f8a]: IDLE {"metadata":{"emulator":{"name":"functions"},"message":"[worker-~diagnostic~-c82767a4-40f1-4166-804a-a1af6b7d4f8a]: IDLE"}}
[debug] [2021-04-05T18:20:23.354Z] File C:\Users\manoj\amazon-clone\client\functions\index.js changed, reloading triggers {"metadata":{"emulator":{"name":"functions"},"message":"File C:\\Users\\manoj\\amazon-clone\\client\\functions\\index.js changed, reloading triggers"}}
[debug] [2021-04-05T18:20:24.355Z] [worker-pool] Shutting down IDLE worker (~diagnostic~) {"metadata":{"emulator":{"name":"functions"},"message":"[worker-pool] Shutting down IDLE worker (~diagnostic~)"}}
[debug] [2021-04-05T18:20:24.355Z] [worker-~diagnostic~-c82767a4-40f1-4166-804a-a1af6b7d4f8a]: FINISHING {"metadata":{"emulator":{"name":"functions"},"message":"[worker-~diagnostic~-c82767a4-40f1-4166-804a-a1af6b7d4f8a]: FINISHING"}}
[debug] [2021-04-05T18:20:24.481Z] [worker-pool] addWorker(~diagnostic~) {"metadata":{"emulator":{"name":"functions"},"message":"[worker-pool] addWorker(~diagnostic~)"}}
[debug] [2021-04-05T18:20:24.481Z] [worker-pool] Adding worker with key ~diagnostic~, total=2 {"metadata":{"emulator":{"name":"functions"},"message":"[worker-pool] Adding worker with key ~diagnostic~, total=2"}}
[debug] [2021-04-05T18:20:24.482Z] [worker-pool] submitWork(triggerId=) {"metadata":{"emulator":{"name":"functions"},"message":"[worker-pool] submitWork(triggerId=)"}}
[debug] [2021-04-05T18:20:24.482Z] [worker-~diagnostic~-bf855b66-e357-4583-b4a5-7c5e374b1c0c]: Assigning socketPath: \\?\pipe\C:\Users\manoj\amazon-clone\client\functions\2636 {"metadata":{"emulator":{"name":"functions"},"message":"[worker-~diagnostic~-bf855b66-e357-4583-b4a5-7c5e374b1c0c]: Assigning socketPath: \\\\?\\pipe\\C:\\Users\\manoj\\amazon-clone\\client\\functions\\2636"}}
[debug] [2021-04-05T18:20:24.483Z] [worker-~diagnostic~-bf855b66-e357-4583-b4a5-7c5e374b1c0c]: BUSY {"metadata":{"emulator":{"name":"functions"},"message":"[worker-~diagnostic~-bf855b66-e357-4583-b4a5-7c5e374b1c0c]: BUSY"}}
[debug] [2021-04-05T18:20:24.485Z] [worker-~diagnostic~-c82767a4-40f1-4166-804a-a1af6b7d4f8a]: exited {"metadata":{"emulator":{"name":"functions"},"message":"[worker-~diagnostic~-c82767a4-40f1-4166-804a-a1af6b7d4f8a]: exited"}}
[debug] [2021-04-05T18:20:24.485Z] [worker-~diagnostic~-c82767a4-40f1-4166-804a-a1af6b7d4f8a]: FINISHED {"metadata":{"emulator":{"name":"functions"},"message":"[worker-~diagnostic~-c82767a4-40f1-4166-804a-a1af6b7d4f8a]: FINISHED"}}
[debug] [2021-04-05T18:20:24.771Z] [runtime-status] [2636] Functions runtime initialized. {"cwd":"C:\\Users\\manoj\\amazon-clone\\client\\functions","node_version":"14.16.0"} {"metadata":{"emulator":{"name":"functions"},"message":"[runtime-status] [2636] Functions runtime initialized. {\"cwd\":\"C:\\\\Users\\\\manoj\\\\amazon-clone\\\\client\\\\functions\",\"node_version\":\"14.16.0\"}"}}
[debug] [2021-04-05T18:20:24.772Z] [runtime-status] [2636] Disabled runtime features: undefined {"metadata":{"emulator":{"name":"functions"},"message":"[runtime-status] [2636] Disabled runtime features: undefined"}}
[debug] [2021-04-05T18:20:24.776Z] [runtime-status] [2636] Resolved module firebase-admin {"declared":true,"installed":true,"version":"9.6.0","resolution":"C:\\Users\\manoj\\amazon-clone\\client\\functions\\node_modules\\firebase-admin\\lib\\index.js"} {"metadata":{"emulator":{"name":"functions"},"message":"[runtime-status] [2636] Resolved module firebase-admin {\"declared\":true,\"installed\":true,\"version\":\"9.6.0\",\"resolution\":\"C:\\\\Users\\\\manoj\\\\amazon-clone\\\\client\\\\functions\\\\node_modules\\\\firebase-admin\\\\lib\\\\index.js\"}"}}
[debug] [2021-04-05T18:20:24.778Z] [runtime-status] [2636] Resolved module firebase-functions {"declared":true,"installed":true,"version":"3.13.2","resolution":"C:\\Users\\manoj\\amazon-clone\\client\\functions\\node_modules\\firebase-functions\\lib\\index.js"} {"metadata":{"emulator":{"name":"functions"},"message":"[runtime-status] [2636] Resolved module firebase-functions {\"declared\":true,\"installed\":true,\"version\":\"3.13.2\",\"resolution\":\"C:\\\\Users\\\\manoj\\\\amazon-clone\\\\client\\\\functions\\\\node_modules\\\\firebase-functions\\\\lib\\\\index.js\"}"}}
[debug] [2021-04-05T18:20:24.780Z] [runtime-status] [2636] Resolved module firebase-functions {"declared":true,"installed":true,"version":"3.13.2","resolution":"C:\\Users\\manoj\\amazon-clone\\client\\functions\\node_modules\\firebase-functions\\lib\\index.js"} {"metadata":{"emulator":{"name":"functions"},"message":"[runtime-status] [2636] Resolved module firebase-functions {\"declared\":true,\"installed\":true,\"version\":\"3.13.2\",\"resolution\":\"C:\\\\Users\\\\manoj\\\\amazon-clone\\\\client\\\\functions\\\\node_modules\\\\firebase-functions\\\\lib\\\\index.js\"}"}}
[debug] [2021-04-05T18:20:24.782Z] [runtime-status] [2636] Outgoing network have been stubbed. [{"name":"http","status":"mocked"},{"name":"http","status":"mocked"},{"name":"https","status":"mocked"},{"name":"https","status":"mocked"},{"name":"net","status":"mocked"}] {"metadata":{"emulator":{"name":"functions"},"message":"[runtime-status] [2636] Outgoing network have been stubbed. [{\"name\":\"http\",\"status\":\"mocked\"},{\"name\":\"http\",\"status\":\"mocked\"},{\"name\":\"https\",\"status\":\"mocked\"},{\"name\":\"https\",\"status\":\"mocked\"},{\"name\":\"net\",\"status\":\"mocked\"}]"}}
[debug] [2021-04-05T18:20:24.782Z] [runtime-status] [2636] Resolved module firebase-functions {"declared":true,"installed":true,"version":"3.13.2","resolution":"C:\\Users\\manoj\\amazon-clone\\client\\functions\\node_modules\\firebase-functions\\lib\\index.js"} {"metadata":{"emulator":{"name":"functions"},"message":"[runtime-status] [2636] Resolved module firebase-functions {\"declared\":true,\"installed\":true,\"version\":\"3.13.2\",\"resolution\":\"C:\\\\Users\\\\manoj\\\\amazon-clone\\\\client\\\\functions\\\\node_modules\\\\firebase-functions\\\\lib\\\\index.js\"}"}}
[debug] [2021-04-05T18:20:24.839Z] [runtime-status] [2636] Checked functions.config() {"config":{}} {"metadata":{"emulator":{"name":"functions"},"message":"[runtime-status] [2636] Checked functions.config() {\"config\":{}}"}}
[debug] [2021-04-05T18:20:24.839Z] [runtime-status] [2636] firebase-functions has been stubbed. {"functionsResolution":{"declared":true,"installed":true,"version":"3.13.2","resolution":"C:\\Users\\manoj\\amazon-clone\\client\\functions\\node_modules\\firebase-functions\\lib\\index.js"}} {"metadata":{"emulator":{"name":"functions"},"message":"[runtime-status] [2636] firebase-functions has been stubbed. {\"functionsResolution\":{\"declared\":true,\"installed\":true,\"version\":\"3.13.2\",\"resolution\":\"C:\\\\Users\\\\manoj\\\\amazon-clone\\\\client\\\\functions\\\\node_modules\\\\firebase-functions\\\\lib\\\\index.js\"}}"}}
[debug] [2021-04-05T18:20:24.839Z] [runtime-status] [2636] Resolved module firebase-functions {"declared":true,"installed":true,"version":"3.13.2","resolution":"C:\\Users\\manoj\\amazon-clone\\client\\functions\\node_modules\\firebase-functions\\lib\\index.js"} {"metadata":{"emulator":{"name":"functions"},"message":"[runtime-status] [2636] Resolved module firebase-functions {\"declared\":true,\"installed\":true,\"version\":\"3.13.2\",\"resolution\":\"C:\\\\Users\\\\manoj\\\\amazon-clone\\\\client\\\\functions\\\\node_modules\\\\firebase-functions\\\\lib\\\\index.js\"}"}}
[debug] [2021-04-05T18:20:24.841Z] [runtime-status] [2636] Resolved module firebase-admin {"declared":true,"installed":true,"version":"9.6.0","resolution":"C:\\Users\\manoj\\amazon-clone\\client\\functions\\node_modules\\firebase-admin\\lib\\index.js"} {"metadata":{"emulator":{"name":"functions"},"message":"[runtime-status] [2636] Resolved module firebase-admin {\"declared\":true,\"installed\":true,\"version\":\"9.6.0\",\"resolution\":\"C:\\\\Users\\\\manoj\\\\amazon-clone\\\\client\\\\functions\\\\node_modules\\\\firebase-admin\\\\lib\\\\index.js\"}"}}
[debug] [2021-04-05T18:20:24.842Z] [runtime-status] [2636] Resolved module firebase-functions {"declared":true,"installed":true,"version":"3.13.2","resolution":"C:\\Users\\manoj\\amazon-clone\\client\\functions\\node_modules\\firebase-functions\\lib\\index.js"} {"metadata":{"emulator":{"name":"functions"},"message":"[runtime-status] [2636] Resolved module firebase-functions {\"declared\":true,\"installed\":true,\"version\":\"3.13.2\",\"resolution\":\"C:\\\\Users\\\\manoj\\\\amazon-clone\\\\client\\\\functions\\\\node_modules\\\\firebase-functions\\\\lib\\\\index.js\"}"}}
[debug] [2021-04-05T18:20:24.842Z] [runtime-status] [2636] firebase-admin has been stubbed. {"adminResolution":{"declared":true,"installed":true,"version":"9.6.0","resolution":"C:\\Users\\manoj\\amazon-clone\\client\\functions\\node_modules\\firebase-admin\\lib\\index.js"}} {"metadata":{"emulator":{"name":"functions"},"message":"[runtime-status] [2636] firebase-admin has been stubbed. {\"adminResolution\":{\"declared\":true,\"installed\":true,\"version\":\"9.6.0\",\"resolution\":\"C:\\\\Users\\\\manoj\\\\amazon-clone\\\\client\\\\functions\\\\node_modules\\\\firebase-admin\\\\lib\\\\index.js\"}}"}}
[debug] [2021-04-05T18:20:25.032Z] [worker-~diagnostic~-bf855b66-e357-4583-b4a5-7c5e374b1c0c]: IDLE {"metadata":{"emulator":{"name":"functions"},"message":"[worker-~diagnostic~-bf855b66-e357-4583-b4a5-7c5e374b1c0c]: IDLE"}}
[debug] [2021-04-05T18:20:32.197Z] File C:\Users\manoj\amazon-clone\client\functions\index.js changed, reloading triggers {"metadata":{"emulator":{"name":"functions"},"message":"File C:\\Users\\manoj\\amazon-clone\\client\\functions\\index.js changed, reloading triggers"}}
[debug] [2021-04-05T18:20:33.202Z] [worker-pool] Shutting down IDLE worker (~diagnostic~) {"metadata":{"emulator":{"name":"functions"},"message":"[worker-pool] Shutting down IDLE worker (~diagnostic~)"}}
[debug] [2021-04-05T18:20:33.203Z] [worker-~diagnostic~-bf855b66-e357-4583-b4a5-7c5e374b1c0c]: FINISHING {"metadata":{"emulator":{"name":"functions"},"message":"[worker-~diagnostic~-bf855b66-e357-4583-b4a5-7c5e374b1c0c]: FINISHING"}}
[debug] [2021-04-05T18:20:33.203Z] [worker-pool] Cleaned up workers for ~diagnostic~: 2 --> 1 {"metadata":{"emulator":{"name":"functions"},"message":"[worker-pool] Cleaned up workers for ~diagnostic~: 2 --> 1"}}
[debug] [2021-04-05T18:20:33.213Z] [worker-pool] addWorker(~diagnostic~) {"metadata":{"emulator":{"name":"functions"},"message":"[worker-pool] addWorker(~diagnostic~)"}}
[debug] [2021-04-05T18:20:33.213Z] [worker-pool] Adding worker with key ~diagnostic~, total=2 {"metadata":{"emulator":{"name":"functions"},"message":"[worker-pool] Adding worker with key ~diagnostic~, total=2"}}
[debug] [2021-04-05T18:20:33.213Z] [worker-pool] submitWork(triggerId=) {"metadata":{"emulator":{"name":"functions"},"message":"[worker-pool] submitWork(triggerId=)"}}
[debug] [2021-04-05T18:20:33.214Z] [worker-~diagnostic~-e4a64bca-4b70-4060-a7be-ec207cdef636]: Assigning socketPath: \\?\pipe\C:\Users\manoj\amazon-clone\client\functions\9824 {"metadata":{"emulator":{"name":"functions"},"message":"[worker-~diagnostic~-e4a64bca-4b70-4060-a7be-ec207cdef636]: Assigning socketPath: \\\\?\\pipe\\C:\\Users\\manoj\\amazon-clone\\client\\functions\\9824"}}
[debug] [2021-04-05T18:20:33.214Z] [worker-~diagnostic~-e4a64bca-4b70-4060-a7be-ec207cdef636]: BUSY {"metadata":{"emulator":{"name":"functions"},"message":"[worker-~diagnostic~-e4a64bca-4b70-4060-a7be-ec207cdef636]: BUSY"}}
[debug] [2021-04-05T18:20:33.216Z] [worker-~diagnostic~-bf855b66-e357-4583-b4a5-7c5e374b1c0c]: exited {"metadata":{"emulator":{"name":"functions"},"message":"[worker-~diagnostic~-bf855b66-e357-4583-b4a5-7c5e374b1c0c]: exited"}}
[debug] [2021-04-05T18:20:33.216Z] [worker-~diagnostic~-bf855b66-e357-4583-b4a5-7c5e374b1c0c]: FINISHED {"metadata":{"emulator":{"name":"functions"},"message":"[worker-~diagnostic~-bf855b66-e357-4583-b4a5-7c5e374b1c0c]: FINISHED"}}
[debug] [2021-04-05T18:20:33.459Z] [runtime-status] [9824] Functions runtime initialized. {"cwd":"C:\\Users\\manoj\\amazon-clone\\client\\functions","node_version":"14.16.0"} {"metadata":{"emulator":{"name":"functions"},"message":"[runtime-status] [9824] Functions runtime initialized. {\"cwd\":\"C:\\\\Users\\\\manoj\\\\amazon-clone\\\\client\\\\functions\",\"node_version\":\"14.16.0\"}"}}
[debug] [2021-04-05T18:20:33.460Z] [runtime-status] [9824] Disabled runtime features: undefined {"metadata":{"emulator":{"name":"functions"},"message":"[runtime-status] [9824] Disabled runtime features: undefined"}}
[debug] [2021-04-05T18:20:33.464Z] [runtime-status] [9824] Resolved module firebase-admin {"declared":true,"installed":true,"version":"9.6.0","resolution":"C:\\Users\\manoj\\amazon-clone\\client\\functions\\node_modules\\firebase-admin\\lib\\index.js"} {"metadata":{"emulator":{"name":"functions"},"message":"[runtime-status] [9824] Resolved module firebase-admin {\"declared\":true,\"installed\":true,\"version\":\"9.6.0\",\"resolution\":\"C:\\\\Users\\\\manoj\\\\amazon-clone\\\\client\\\\functions\\\\node_modules\\\\firebase-admin\\\\lib\\\\index.js\"}"}}
[debug] [2021-04-05T18:20:33.465Z] [runtime-status] [9824] Resolved module firebase-functions {"declared":true,"installed":true,"version":"3.13.2","resolution":"C:\\Users\\manoj\\amazon-clone\\client\\functions\\node_modules\\firebase-functions\\lib\\index.js"} {"metadata":{"emulator":{"name":"functions"},"message":"[runtime-status] [9824] Resolved module firebase-functions {\"declared\":true,\"installed\":true,\"version\":\"3.13.2\",\"resolution\":\"C:\\\\Users\\\\manoj\\\\amazon-clone\\\\client\\\\functions\\\\node_modules\\\\firebase-functions\\\\lib\\\\index.js\"}"}}
[debug] [2021-04-05T18:20:33.467Z] [runtime-status] [9824] Resolved module firebase-functions {"declared":true,"installed":true,"version":"3.13.2","resolution":"C:\\Users\\manoj\\amazon-clone\\client\\functions\\node_modules\\firebase-functions\\lib\\index.js"} {"metadata":{"emulator":{"name":"functions"},"message":"[runtime-status] [9824] Resolved module firebase-functions {\"declared\":true,\"installed\":true,\"version\":\"3.13.2\",\"resolution\":\"C:\\\\Users\\\\manoj\\\\amazon-clone\\\\client\\\\functions\\\\node_modules\\\\firebase-functions\\\\lib\\\\index.js\"}"}}
[debug] [2021-04-05T18:20:33.469Z] [runtime-status] [9824] Outgoing network have been stubbed. [{"name":"http","status":"mocked"},{"name":"http","status":"mocked"},{"name":"https","status":"mocked"},{"name":"https","status":"mocked"},{"name":"net","status":"mocked"}] {"metadata":{"emulator":{"name":"functions"},"message":"[runtime-status] [9824] Outgoing network have been stubbed. [{\"name\":\"http\",\"status\":\"mocked\"},{\"name\":\"http\",\"status\":\"mocked\"},{\"name\":\"https\",\"status\":\"mocked\"},{\"name\":\"https\",\"status\":\"mocked\"},{\"name\":\"net\",\"status\":\"mocked\"}]"}}
[debug] [2021-04-05T18:20:33.470Z] [runtime-status] [9824] Resolved module firebase-functions {"declared":true,"installed":true,"version":"3.13.2","resolution":"C:\\Users\\manoj\\amazon-clone\\client\\functions\\node_modules\\firebase-functions\\lib\\index.js"} {"metadata":{"emulator":{"name":"functions"},"message":"[runtime-status] [9824] Resolved module firebase-functions {\"declared\":true,\"installed\":true,\"version\":\"3.13.2\",\"resolution\":\"C:\\\\Users\\\\manoj\\\\amazon-clone\\\\client\\\\functions\\\\node_modules\\\\firebase-functions\\\\lib\\\\index.js\"}"}}
[debug] [2021-04-05T18:20:33.521Z] [runtime-status] [9824] Checked functions.config() {"config":{}} {"metadata":{"emulator":{"name":"functions"},"message":"[runtime-status] [9824] Checked functions.config() {\"config\":{}}"}}
[debug] [2021-04-05T18:20:33.522Z] [runtime-status] [9824] firebase-functions has been stubbed. {"functionsResolution":{"declared":true,"installed":true,"version":"3.13.2","resolution":"C:\\Users\\manoj\\amazon-clone\\client\\functions\\node_modules\\firebase-functions\\lib\\index.js"}} {"metadata":{"emulator":{"name":"functions"},"message":"[runtime-status] [9824] firebase-functions has been stubbed. {\"functionsResolution\":{\"declared\":true,\"installed\":true,\"version\":\"3.13.2\",\"resolution\":\"C:\\\\Users\\\\manoj\\\\amazon-clone\\\\client\\\\functions\\\\node_modules\\\\firebase-functions\\\\lib\\\\index.js\"}}"}}
[debug] [2021-04-05T18:20:33.522Z] [runtime-status] [9824] Resolved module firebase-functions {"declared":true,"installed":true,"version":"3.13.2","resolution":"C:\\Users\\manoj\\amazon-clone\\client\\functions\\node_modules\\firebase-functions\\lib\\index.js"} {"metadata":{"emulator":{"name":"functions"},"message":"[runtime-status] [9824] Resolved module firebase-functions {\"declared\":true,\"installed\":true,\"version\":\"3.13.2\",\"resolution\":\"C:\\\\Users\\\\manoj\\\\amazon-clone\\\\client\\\\functions\\\\node_modules\\\\firebase-functions\\\\lib\\\\index.js\"}"}}
[debug] [2021-04-05T18:20:33.523Z] [runtime-status] [9824] Resolved module firebase-admin {"declared":true,"installed":true,"version":"9.6.0","resolution":"C:\\Users\\manoj\\amazon-clone\\client\\functions\\node_modules\\firebase-admin\\lib\\index.js"} {"metadata":{"emulator":{"name":"functions"},"message":"[runtime-status] [9824] Resolved module firebase-admin {\"declared\":true,\"installed\":true,\"version\":\"9.6.0\",\"resolution\":\"C:\\\\Users\\\\manoj\\\\amazon-clone\\\\client\\\\functions\\\\node_modules\\\\firebase-admin\\\\lib\\\\index.js\"}"}}
[debug] [2021-04-05T18:20:33.524Z] [runtime-status] [9824] Resolved module firebase-functions {"declared":true,"installed":true,"version":"3.13.2","resolution":"C:\\Users\\manoj\\amazon-clone\\client\\functions\\node_modules\\firebase-functions\\lib\\index.js"} {"metadata":{"emulator":{"name":"functions"},"message":"[runtime-status] [9824] Resolved module firebase-functions {\"declared\":true,\"installed\":true,\"version\":\"3.13.2\",\"resolution\":\"C:\\\\Users\\\\manoj\\\\amazon-clone\\\\client\\\\functions\\\\node_modules\\\\firebase-functions\\\\lib\\\\index.js\"}"}}
[debug] [2021-04-05T18:20:33.524Z] [runtime-status] [9824] firebase-admin has been stubbed. {"adminResolution":{"declared":true,"installed":true,"version":"9.6.0","resolution":"C:\\Users\\manoj\\amazon-clone\\client\\functions\\node_modules\\firebase-admin\\lib\\index.js"}} {"metadata":{"emulator":{"name":"functions"},"message":"[runtime-status] [9824] firebase-admin has been stubbed. {\"adminResolution\":{\"declared\":true,\"installed\":true,\"version\":\"9.6.0\",\"resolution\":\"C:\\\\Users\\\\manoj\\\\amazon-clone\\\\client\\\\functions\\\\node_modules\\\\firebase-admin\\\\lib\\\\index.js\"}}"}}
[debug] [2021-04-05T18:20:33.702Z] [worker-~diagnostic~-e4a64bca-4b70-4060-a7be-ec207cdef636]: IDLE {"metadata":{"emulator":{"name":"functions"},"message":"[worker-~diagnostic~-e4a64bca-4b70-4060-a7be-ec207cdef636]: IDLE"}}
[debug] [2021-04-05T18:21:31.171Z] [work-queue] {"queueLength":1,"workRunningCount":0}
[debug] [2021-04-05T18:21:31.172Z] [work-queue] {"queueLength":0,"workRunningCount":1}
[debug] [2021-04-05T18:21:31.172Z] Accepted request GET /clone-51f2b/us-central1/api --> api
[debug] [2021-04-05T18:21:31.173Z] [worker-pool] Cleaned up workers for ~diagnostic~: 2 --> 1 {"metadata":{"emulator":{"name":"functions"},"message":"[worker-pool] Cleaned up workers for ~diagnostic~: 2 --> 1"}}
[debug] [2021-04-05T18:21:31.178Z] [worker-pool] addWorker(api) {"metadata":{"emulator":{"name":"functions"},"message":"[worker-pool] addWorker(api)"}}
[debug] [2021-04-05T18:21:31.178Z] [worker-pool] Adding worker with key api, total=1 {"metadata":{"emulator":{"name":"functions"},"message":"[worker-pool] Adding worker with key api, total=1"}}
[debug] [2021-04-05T18:21:31.178Z] [worker-pool] submitWork(triggerId=api) {"metadata":{"emulator":{"name":"functions"},"message":"[worker-pool] submitWork(triggerId=api)"}}
[debug] [2021-04-05T18:21:31.178Z] [worker-api-2ca39579-74e6-4b14-8467-fc830ed34c60]: Assigning socketPath: \\?\pipe\C:\Users\manoj\amazon-clone\client\functions\14792 {"metadata":{"emulator":{"name":"functions"},"message":"[worker-api-2ca39579-74e6-4b14-8467-fc830ed34c60]: Assigning socketPath: \\\\?\\pipe\\C:\\Users\\manoj\\amazon-clone\\client\\functions\\14792"}}
[debug] [2021-04-05T18:21:31.178Z] [worker-api-2ca39579-74e6-4b14-8467-fc830ed34c60]: BUSY {"metadata":{"emulator":{"name":"functions"},"message":"[worker-api-2ca39579-74e6-4b14-8467-fc830ed34c60]: BUSY"}}
[debug] [2021-04-05T18:21:31.446Z] [runtime-status] [14792] Functions runtime initialized. {"cwd":"C:\\Users\\manoj\\amazon-clone\\client\\functions","node_version":"14.16.0"} {"metadata":{"emulator":{"name":"functions"},"function":{"name":"api"},"message":"[runtime-status] [14792] Functions runtime initialized. {\"cwd\":\"C:\\\\Users\\\\manoj\\\\amazon-clone\\\\client\\\\functions\",\"node_version\":\"14.16.0\"}"}}
[debug] [2021-04-05T18:21:31.448Z] [runtime-status] [14792] Disabled runtime features: undefined {"metadata":{"emulator":{"name":"functions"},"function":{"name":"api"},"message":"[runtime-status] [14792] Disabled runtime features: undefined"}}
[debug] [2021-04-05T18:21:31.452Z] [runtime-status] [14792] Resolved module firebase-admin {"declared":true,"installed":true,"version":"9.6.0","resolution":"C:\\Users\\manoj\\amazon-clone\\client\\functions\\node_modules\\firebase-admin\\lib\\index.js"} {"metadata":{"emulator":{"name":"functions"},"function":{"name":"api"},"message":"[runtime-status] [14792] Resolved module firebase-admin {\"declared\":true,\"installed\":true,\"version\":\"9.6.0\",\"resolution\":\"C:\\\\Users\\\\manoj\\\\amazon-clone\\\\client\\\\functions\\\\node_modules\\\\firebase-admin\\\\lib\\\\index.js\"}"}}
[debug] [2021-04-05T18:21:31.454Z] [runtime-status] [14792] Resolved module firebase-functions {"declared":true,"installed":true,"version":"3.13.2","resolution":"C:\\Users\\manoj\\amazon-clone\\client\\functions\\node_modules\\firebase-functions\\lib\\index.js"} {"metadata":{"emulator":{"name":"functions"},"function":{"name":"api"},"message":"[runtime-status] [14792] Resolved module firebase-functions {\"declared\":true,\"installed\":true,\"version\":\"3.13.2\",\"resolution\":\"C:\\\\Users\\\\manoj\\\\amazon-clone\\\\client\\\\functions\\\\node_modules\\\\firebase-functions\\\\lib\\\\index.js\"}"}}
[debug] [2021-04-05T18:21:31.456Z] [runtime-status] [14792] Resolved module firebase-functions {"declared":true,"installed":true,"version":"3.13.2","resolution":"C:\\Users\\manoj\\amazon-clone\\client\\functions\\node_modules\\firebase-functions\\lib\\index.js"} {"metadata":{"emulator":{"name":"functions"},"function":{"name":"api"},"message":"[runtime-status] [14792] Resolved module firebase-functions {\"declared\":true,\"installed\":true,\"version\":\"3.13.2\",\"resolution\":\"C:\\\\Users\\\\manoj\\\\amazon-clone\\\\client\\\\functions\\\\node_modules\\\\firebase-functions\\\\lib\\\\index.js\"}"}}
[debug] [2021-04-05T18:21:31.458Z] [runtime-status] [14792] Outgoing network have been stubbed. [{"name":"http","status":"mocked"},{"name":"http","status":"mocked"},{"name":"https","status":"mocked"},{"name":"https","status":"mocked"},{"name":"net","status":"mocked"}] {"metadata":{"emulator":{"name":"functions"},"function":{"name":"api"},"message":"[runtime-status] [14792] Outgoing network have been stubbed. [{\"name\":\"http\",\"status\":\"mocked\"},{\"name\":\"http\",\"status\":\"mocked\"},{\"name\":\"https\",\"status\":\"mocked\"},{\"name\":\"https\",\"status\":\"mocked\"},{\"name\":\"net\",\"status\":\"mocked\"}]"}}
[debug] [2021-04-05T18:21:31.459Z] [runtime-status] [14792] Resolved module firebase-functions {"declared":true,"installed":true,"version":"3.13.2","resolution":"C:\\Users\\manoj\\amazon-clone\\client\\functions\\node_modules\\firebase-functions\\lib\\index.js"} {"metadata":{"emulator":{"name":"functions"},"function":{"name":"api"},"message":"[runtime-status] [14792] Resolved module firebase-functions {\"declared\":true,\"installed\":true,\"version\":\"3.13.2\",\"resolution\":\"C:\\\\Users\\\\manoj\\\\amazon-clone\\\\client\\\\functions\\\\node_modules\\\\firebase-functions\\\\lib\\\\index.js\"}"}}
[debug] [2021-04-05T18:21:31.514Z] [runtime-status] [14792] Checked functions.config() {"config":{}} {"metadata":{"emulator":{"name":"functions"},"function":{"name":"api"},"message":"[runtime-status] [14792] Checked functions.config() {\"config\":{}}"}}
[debug] [2021-04-05T18:21:31.514Z] [runtime-status] [14792] firebase-functions has been stubbed. {"functionsResolution":{"declared":true,"installed":true,"version":"3.13.2","resolution":"C:\\Users\\manoj\\amazon-clone\\client\\functions\\node_modules\\firebase-functions\\lib\\index.js"}} {"metadata":{"emulator":{"name":"functions"},"function":{"name":"api"},"message":"[runtime-status] [14792] firebase-functions has been stubbed. {\"functionsResolution\":{\"declared\":true,\"installed\":true,\"version\":\"3.13.2\",\"resolution\":\"C:\\\\Users\\\\manoj\\\\amazon-clone\\\\client\\\\functions\\\\node_modules\\\\firebase-functions\\\\lib\\\\index.js\"}}"}}
[debug] [2021-04-05T18:21:31.515Z] [runtime-status] [14792] Resolved module firebase-functions {"declared":true,"installed":true,"version":"3.13.2","resolution":"C:\\Users\\manoj\\amazon-clone\\client\\functions\\node_modules\\firebase-functions\\lib\\index.js"} {"metadata":{"emulator":{"name":"functions"},"function":{"name":"api"},"message":"[runtime-status] [14792] Resolved module firebase-functions {\"declared\":true,\"installed\":true,\"version\":\"3.13.2\",\"resolution\":\"C:\\\\Users\\\\manoj\\\\amazon-clone\\\\client\\\\functions\\\\node_modules\\\\firebase-functions\\\\lib\\\\index.js\"}"}}
[debug] [2021-04-05T18:21:31.516Z] [runtime-status] [14792] Resolved module firebase-admin {"declared":true,"installed":true,"version":"9.6.0","resolution":"C:\\Users\\manoj\\amazon-clone\\client\\functions\\node_modules\\firebase-admin\\lib\\index.js"} {"metadata":{"emulator":{"name":"functions"},"function":{"name":"api"},"message":"[runtime-status] [14792] Resolved module firebase-admin {\"declared\":true,\"installed\":true,\"version\":\"9.6.0\",\"resolution\":\"C:\\\\Users\\\\manoj\\\\amazon-clone\\\\client\\\\functions\\\\node_modules\\\\firebase-admin\\\\lib\\\\index.js\"}"}}
[debug] [2021-04-05T18:21:31.517Z] [runtime-status] [14792] Resolved module firebase-functions {"declared":true,"installed":true,"version":"3.13.2","resolution":"C:\\Users\\manoj\\amazon-clone\\client\\functions\\node_modules\\firebase-functions\\lib\\index.js"} {"metadata":{"emulator":{"name":"functions"},"function":{"name":"api"},"message":"[runtime-status] [14792] Resolved module firebase-functions {\"declared\":true,\"installed\":true,\"version\":\"3.13.2\",\"resolution\":\"C:\\\\Users\\\\manoj\\\\amazon-clone\\\\client\\\\functions\\\\node_modules\\\\firebase-functions\\\\lib\\\\index.js\"}"}}
[debug] [2021-04-05T18:21:31.517Z] [runtime-status] [14792] firebase-admin has been stubbed. {"adminResolution":{"declared":true,"installed":true,"version":"9.6.0","resolution":"C:\\Users\\manoj\\amazon-clone\\client\\functions\\node_modules\\firebase-admin\\lib\\index.js"}} {"metadata":{"emulator":{"name":"functions"},"function":{"name":"api"},"message":"[runtime-status] [14792] firebase-admin has been stubbed. {\"adminResolution\":{\"declared\":true,\"installed\":true,\"version\":\"9.6.0\",\"resolution\":\"C:\\\\Users\\\\manoj\\\\amazon-clone\\\\client\\\\functions\\\\node_modules\\\\firebase-admin\\\\lib\\\\index.js\"}}"}}
[debug] [2021-04-05T18:21:31.719Z] [runtime-status] [14792] Trigger "api" has been found, beginning invocation! {"metadata":{"emulator":{"name":"functions"},"function":{"name":"api"},"message":"[runtime-status] [14792] Trigger \"api\" has been found, beginning invocation!"}}
[info] i  functions: Beginning execution of "api" {"metadata":{"emulator":{"name":"functions"},"function":{"name":"api"},"message":"Beginning execution of \"api\""}}
[debug] [2021-04-05T18:21:31.721Z] [runtime-status] [14792] triggerDefinition {"httpsTrigger":{},"name":"api","entryPoint":"api"} {"metadata":{"emulator":{"name":"functions"},"function":{"name":"api"},"message":"[runtime-status] [14792] triggerDefinition {\"httpsTrigger\":{},\"name\":\"api\",\"entryPoint\":\"api\"}"}}
[debug] [2021-04-05T18:21:31.722Z] [runtime-status] [14792] Running api in mode HTTPS {"metadata":{"emulator":{"name":"functions"},"function":{"name":"api"},"message":"[runtime-status] [14792] Running api in mode HTTPS"}}
[debug] [2021-04-05T18:21:31.724Z] [runtime-status] [14792] Attempting to listen to socketPath: \\?\pipe\C:\Users\manoj\amazon-clone\client\functions\14792 {"metadata":{"emulator":{"name":"functions"},"function":{"name":"api"},"message":"[runtime-status] [14792] Attempting to listen to socketPath: \\\\?\\pipe\\C:\\Users\\manoj\\amazon-clone\\client\\functions\\14792"}}
[debug] [2021-04-05T18:21:31.735Z] [functions] Runtime ready! Sending request! {"metadata":{"emulator":{"name":"functions"},"message":"[functions] Runtime ready! Sending request!"}}
[debug] [2021-04-05T18:21:31.736Z] [functions] Got req.url=/clone-51f2b/us-central1/api, mapping to path=/ {"metadata":{"emulator":{"name":"functions"},"message":"[functions] Got req.url=/clone-51f2b/us-central1/api, mapping to path=/"}}
[debug] [2021-04-05T18:21:31.747Z] [runtime-status] [14792] Ephemeral server handling GET request {"metadata":{"emulator":{"name":"functions"},"function":{"name":"api"},"message":"[runtime-status] [14792] Ephemeral server handling GET request"}}
[debug] [2021-04-05T18:21:31.756Z] [runtime-status] [14792] Ephemeral server survived. {"metadata":{"emulator":{"name":"functions"},"function":{"name":"api"},"message":"[runtime-status] [14792] Ephemeral server survived."}}
[info] i  functions: Finished "api" in ~1s {"metadata":{"emulator":{"name":"functions"},"function":{"name":"api"},"message":"Finished \"api\" in ~1s"}}
[debug] [2021-04-05T18:21:31.759Z] [worker-api-2ca39579-74e6-4b14-8467-fc830ed34c60]: IDLE {"metadata":{"emulator":{"name":"functions"},"message":"[worker-api-2ca39579-74e6-4b14-8467-fc830ed34c60]: IDLE"}}
[debug] [2021-04-05T18:21:31.759Z] [work-queue] {"queueLength":0,"workRunningCount":0}
[debug] [2021-04-05T18:21:31.784Z] Functions emulator received unknown request at path /favicon.ico
